<?xml version="1.0" encoding="UTF-8"?>
<Site BuildName="(empty)"
	BuildStamp="20240828-1155-Experimental"
	Name="(empty)"
	Generator="ctest-3.28.3"
	CompilerName=""
	CompilerVersion=""
	OSName="Linux"
	Hostname="xiaomi-nabu"
	OSRelease="6.1.10-nabu"
	OSVersion="#2 SMP PREEMPT Tue Jul 30 11:38:14 +05 2024"
	OSPlatform="aarch64"
	Is64Bits="1"
	VendorString=""
	VendorID="Unknown Manufacturer"
	FamilyID="8"
	ModelID="0"
	ProcessorCacheSize="0"
	NumberOfLogicalCPU="8"
	NumberOfPhysicalCPU="1"
	TotalVirtualMemory="5352"
	TotalPhysicalMemory="5353"
	LogicalProcessorsPerPhysical="8"
	ProcessorClockFrequency="0"
	>
	<Testing>
		<StartDateTime>Aug 28 11:55 UTC</StartDateTime>
		<StartTestTime>1724846105</StartTestTime>
		<TestList/>
		<EndDateTime>Aug 28 11:55 UTC</EndDateTime>
		<EndTestTime>1724846105</EndTestTime>
		<ElapsedMinutes>0</ElapsedMinutes>
	</Testing>
</Site>
